
Chromatic CLI v7.6.0
https://www.chromatic.com/docs/cli

Authenticating with Chromatic
    → Connecting to https://index.chromatic.com
Authenticated with Chromatic
    → Using project token '****************dffa'
Retrieving git information
Retrieved git information
    → Commit '7067b2c' on branch 'main'; found 1 parent build
Collecting Storybook metadata
Collected Storybook metadata
    → Storybook 7.5.2 for React; using the @storybook/nextjs builder (7.5.2); supported addons found: Links, Essentials, Interactions
Initializing build
Initialized build
    → Build 2 initialized
Building your Storybook
    → Running command: npm run build-storybook -- --output-dir /var/folders/6_/57rw6hw15t32bhh6ttbn9dzh0000gn/T/chromatic--18544-HfOI7UML7lG4
Storybook built in 9 seconds
    → View build log at /Users/danielzhu/Documents/ui/build-storybook.log
Publish your built Storybook
    → Validating Storybook files
Publishing your built Storybook
    → Retrieving target location
    → Starting publish
    → [                    ] 1%
    → [=                   ] 7%
    → [===                 ] 16%
    → [=====               ] 24%
    → [======              ] 29%
    → [======              ] 31%
    → [========            ] 38%
    → [========            ] 41%
    → [========            ] 42%
    → [=========           ] 45%
    → [=========           ] 47%
    → [==========          ] 48%
    → [==========          ] 49%
    → [==========          ] 51%
    → [===========         ] 54%
    → [===========         ] 56%
    → [============        ] 59%
    → [=============       ] 64%
    → [==============      ] 70%
    → [================    ] 79%
    → [================    ] 82%
    → [=================   ] 84%
    → [=================   ] 85%
    → [==================  ] 92%
    → [=================== ] 94%
    → [=================== ] 97%
    → [====================] 99%
    → [====================] 100%
Publish complete in 4 seconds
    → View your Storybook at https://65432ca630dd6fe52a4f1b71-kdiroslfpu.chromatic.com
Verifying your Storybook
    → This may take a few minutes
Started build 2
    → View build details at https://www.chromatic.com/build?appId=65432ca630dd6fe52a4f1b71&number=2
Running 9 tests
    → This may take a few minutes
ℹ Speed up Continuous Integration
Your project is linked to GitHub so Chromatic will report results there.
This means you can pass the --exit-once-uploaded flag to skip waiting for build results.
Read more here: https://www.chromatic.com/docs/cli#chromatic-options
    → [==                  ] 1/9  Button › Primary 
    → [====                ] 2/9  Button › Secondary 
    → [=======             ] 3/9  Button › Large 
    → [===========         ] 5/9  Button › Warning 
    → [================    ] 7/9  Header › Logged Out 
    → [==================  ] 8/9  Page › Logged Out 
    → [====================] 9/9  Page › Logged In 
✖ Found 1 visual change: Review the changes at https://www.chromatic.com/build?appId=65432ca630dd6fe52a4f1b71&number=2

ℹ For CI/CD use cases, this command failed with exit code 1
Pass --exit-zero-on-changes to succeed this command regardless of changes.
Pass --auto-accept-changes to succeed and automatically accept any changes.
